This is pdfTeX, Version 3.141592653-2.6-1.40.26 (MiKTeX 24.4) (preloaded format=pdflatex 2025.2.21)  24 FEB 2025 17:58
entering extended mode
 restricted \write18 enabled.
 file:line:error style messages enabled.
 %&-line parsing enabled.
**c:/Users/Bence/Documents/Hephaistos-dokumentacio/Hephaistos-dokumentáció.tex
(c:/Users/Bence/Documents/Hephaistos-dokumentacio/Hephaistos-dokumentáció.tex
LaTeX2e <2024-11-01> patch level 2
L3 programming layer <2025-01-18>
(C:\Users\Bence\AppData\Local\Programs\MiKTeX\tex/latex/base\article.cls
Document Class: article 2024/06/29 v1.4n Standard LaTeX document class
(C:\Users\Bence\AppData\Local\Programs\MiKTeX\tex/latex/base\size10.clo
File: size10.clo 2024/06/29 v1.4n Standard LaTeX file (size option)
)
\c@part=\count196
\c@section=\count197
\c@subsection=\count198
\c@subsubsection=\count199
\c@paragraph=\count266
\c@subparagraph=\count267
\c@figure=\count268
\c@table=\count269
\abovecaptionskip=\skip49
\belowcaptionskip=\skip50
\bibindent=\dimen141
) (C:\Users\Bence\AppData\Local\Programs\MiKTeX\tex/latex/base\inputenc.sty
Package: inputenc 2024/02/08 v1.3d Input encoding file
\inpenc@prehook=\toks17
\inpenc@posthook=\toks18
) (C:\Users\Bence\AppData\Local\Programs\MiKTeX\tex/latex/graphics\graphicx.sty
Package: graphicx 2021/09/16 v1.2d Enhanced LaTeX Graphics (DPC,SPQR)
 (C:\Users\Bence\AppData\Local\Programs\MiKTeX\tex/latex/graphics\keyval.sty
Package: keyval 2022/05/29 v1.15 key=value parser (DPC)
\KV@toks@=\toks19
) (C:\Users\Bence\AppData\Local\Programs\MiKTeX\tex/latex/graphics\graphics.sty
Package: graphics 2024/08/06 v1.4g Standard LaTeX Graphics (DPC,SPQR)
 (C:\Users\Bence\AppData\Local\Programs\MiKTeX\tex/latex/graphics\trig.sty
Package: trig 2023/12/02 v1.11 sin cos tan (DPC)
) (C:\Users\Bence\AppData\Local\Programs\MiKTeX\tex/latex/graphics-cfg\graphics.cfg
File: graphics.cfg 2016/06/04 v1.11 sample graphics configuration
)
Package graphics Info: Driver file: pdftex.def on input line 106.
 (C:\Users\Bence\AppData\Local\Programs\MiKTeX\tex/latex/graphics-def\pdftex.def
File: pdftex.def 2024/04/13 v1.2c Graphics/color driver for pdftex
))
\Gin@req@height=\dimen142
\Gin@req@width=\dimen143
) (C:\Users\Bence\AppData\Local\Programs\MiKTeX\tex/latex/l3backend\l3backend-pdftex.def
File: l3backend-pdftex.def 2024-05-08 L3 backend support: PDF output (pdfTeX)
\l__color_backend_stack_int=\count270
\l__pdf_internal_box=\box52
) (Hephaistos-dokumentáció.aux)
\openout1 = `Hephaistos-dokumentáció.aux'.

LaTeX Font Info:    Checking defaults for OML/cmm/m/it on input line 9.
LaTeX Font Info:    ... okay on input line 9.
LaTeX Font Info:    Checking defaults for OMS/cmsy/m/n on input line 9.
LaTeX Font Info:    ... okay on input line 9.
LaTeX Font Info:    Checking defaults for OT1/cmr/m/n on input line 9.
LaTeX Font Info:    ... okay on input line 9.
LaTeX Font Info:    Checking defaults for T1/cmr/m/n on input line 9.
LaTeX Font Info:    ... okay on input line 9.
LaTeX Font Info:    Checking defaults for TS1/cmr/m/n on input line 9.
LaTeX Font Info:    ... okay on input line 9.
LaTeX Font Info:    Checking defaults for OMX/cmex/m/n on input line 9.
LaTeX Font Info:    ... okay on input line 9.
LaTeX Font Info:    Checking defaults for U/cmr/m/n on input line 9.
LaTeX Font Info:    ... okay on input line 9.
 (C:\Users\Bence\AppData\Local\Programs\MiKTeX\tex/context/base/mkii\supp-pdf.mkii
[Loading MPS to PDF converter (version 2006.09.02).]
\scratchcounter=\count271
\scratchdimen=\dimen144
\scratchbox=\box53
\nofMPsegments=\count272
\nofMParguments=\count273
\everyMPshowfont=\toks20
\MPscratchCnt=\count274
\MPscratchDim=\dimen145
\MPnumerator=\count275
\makeMPintoPDFobject=\count276
\everyMPtoPDFconversion=\toks21
) (C:\Users\Bence\AppData\Local\Programs\MiKTeX\tex/latex/epstopdf-pkg\epstopdf-base.sty
Package: epstopdf-base 2020-01-24 v2.11 Base part for package epstopdf
Package epstopdf-base Info: Redefining graphics rule for `.eps' on input line 485.
 (C:\Users\Bence\AppData\Local\Programs\MiKTeX\tex/latex/00miktex\epstopdf-sys.cfg
File: epstopdf-sys.cfg 2021/03/18 v2.0 Configuration of epstopdf for MiKTeX
))
LaTeX Font Info:    External font `cmex10' loaded for size
(Font)              <12> on input line 10.
LaTeX Font Info:    External font `cmex10' loaded for size
(Font)              <8> on input line 10.
LaTeX Font Info:    External font `cmex10' loaded for size
(Font)              <6> on input line 10.
<logo.png, id=1, 770.88pt x 770.88pt>
File: logo.png Graphic file (type png)
<use logo.png>
Package pdftex.def Info: logo.png  used on input line 12.
(pdftex.def)             Requested size: 172.5pt x 172.4995pt.


[1

{C:/Users/Bence/AppData/Local/MiKTeX/fonts/map/pdftex/pdftex.map} <./logo.png>] (Hephaistos-dokumentáció.toc
LaTeX Font Info:    External font `cmex10' loaded for size
(Font)              <7> on input line 3.
LaTeX Font Info:    External font `cmex10' loaded for size
(Font)              <5> on input line 3.
)
\tf@toc=\write3
\openout3 = `Hephaistos-dokumentáció.toc'.



[2]
Overfull \hbox (11.88846pt too wide) in paragraph at lines 23--24
\OT1/cmr/m/n/10 A Project Hep-hais-tos egy in-no-vat^^S^^Pv ^^Sorarend-tervez}o al-ka-lmaz^^Sas, ame-lyet els}osorban
 []


Overfull \hbox (5.72295pt too wide) in paragraph at lines 23--24
\OT1/cmr/m/n/10 gat^^Sokat az ^^Sor^^Saik, tan^^Sor^^San k^^S^^Pv^^?uli tev^^Sekenys^^Segeik ^^Ses egy^^Seb k^^?otelezetts^^Segeik ^^Satl^^Sathat^^So
 []


Overfull \hbox (13.7507pt too wide) in paragraph at lines 23--24
\OT1/cmr/m/n/10 k^^Ser^^Ses^^Sere k^^Sesz^^?ult, ^^S^^Pgy k^^?ul^^?on^^?os fi-gyel-met ford^^S^^Pt a funkcionalit^^Sasra ^^Ses a fel-haszn^^Sal^^Sobar^^Sat
 []


Overfull \hbox (3.05618pt too wide) in paragraph at lines 32--33
\OT1/cmr/m/n/10 Core t^^Samogatja a mod-ern webfe-jleszt^^Sesi sz-abv^^Sanyokat ^^Ses eszk^^?oz^^?oket, mint p^^Seld^^Saul
 []



[3]
Overfull \hbox (10.13966pt too wide) in paragraph at lines 43--44
\OT1/cmr/m/n/10 sz^^Sam^^Sara, hogy ^^Sujrafelhaszn^^Salhat^^So kom-po-nenseket hoz-zanak l^^Setre, ame-lyek k^^?onnyen
 []


Overfull \hbox (14.30534pt too wide) in paragraph at lines 52--53
\OT1/cmr/m/n/10 sz^^Samos b}ov^^S^^Ptm^^Sennyel ren-delkezik, p^^Seld^^Saul az \OT1/cmtt/m/n/10 ESLint \OT1/cmr/m/n/10 ^^Ses \OT1/cmtt/m/n/10 Prettier \OT1/cmr/m/n/10 seg^^S^^Pts^^Seg^^Sevel. 
 []


Overfull \hbox (4.19405pt too wide) in paragraph at lines 58--59
\OT1/cmr/m/n/10 A Hep-hais-tos pro-jekt h^^Sarom f}o kom-po-nensb}ol ^^Sall: back-end, fron-tend ^^Ses adatb^^Sazis.
 []


Overfull \hbox (1.00072pt too wide) in paragraph at lines 58--59
\OT1/cmr/m/n/10 Az al^^Sabbiakban be-mu-tatjuk ezeknek a kom-po-nenseknek a fel^^Sep^^S^^Pt^^Ses^^Set ^^Ses funkci^^Soit. 
 []



[4]
Overfull \hbox (27.88857pt too wide) in paragraph at lines 88--89
\OT1/cmr/m/n/10 A Hep-hais-tos pro-jekt sz^^Samos funkci^^Sot k^^S^^Pn^^Sal a fel-haszn^^Sal^^Sok sz^^Sam^^Sara, hogy megk^^?onny^^S^^Ptse
 []


Overfull \hbox (9.74966pt too wide) in paragraph at lines 94--95
\OT1/cmr/m/n/10 A fel-haszn^^Sal^^Sok megtekinthetik ^^Ses m^^Sodos^^S^^Pthatj^^Sak az ^^Sorarendj^^?uket a fel-haszn^^Sal^^Sobar^^Sat
 []


Overfull \hbox (7.13026pt too wide) in paragraph at lines 94--95
\OT1/cmr/m/n/10 fel^^?uleten kereszt^^?ul. Az al-ka-lmaz^^Sas lehet}ov^^Se teszi az ^^Sor^^Sak hozz^^Saad^^Sas^^Sat, elt^^Savol^^S^^Pt^^Sas^^Sat
 []


Overfull \hbox (3.71362pt too wide) in paragraph at lines 100--101
\OT1/cmr/m/n/10 tel-jes^^S^^Ptm^^Seny^^Ser}ol. Ez lehet}ov^^Se teszi a fel-haszn^^Sal^^Sok sz^^Sam^^Sara, hogy ny-omon k^^?ovess^^Sek
 []



[5]

[6] (Hephaistos-dokumentáció.aux)
 ***********
LaTeX2e <2024-11-01> patch level 2
L3 programming layer <2025-01-18>
 ***********
 ) 
Here is how much of TeX's memory you used:
 1365 strings out of 473530
 23318 string characters out of 5714794
 418610 words of memory out of 5000000
 24618 multiletter control sequences out of 15000+600000
 563595 words of font info for 52 fonts, out of 8000000 for 9000
 1141 hyphenation exceptions out of 8191
 57i,7n,65p,744b,206s stack positions out of 10000i,1000n,20000p,200000b,200000s
 <C:\Users\Bence\AppData\Local\MiKTeX\fonts/pk/ljfour/jknappen/ec/dpi600\tcrm1000.pk><C:/Users/Bence/AppData/Local/Programs/MiKTeX/fonts/type1/public/amsfonts/cm/cmbx10.pfb><C:/Users/Bence/AppData/Local/Programs/MiKTeX/fonts/type1/public/amsfonts/cm/cmbx12.pfb><C:/Users/Bence/AppData/Local/Programs/MiKTeX/fonts/type1/public/amsfonts/cm/cmr10.pfb><C:/Users/Bence/AppData/Local/Programs/MiKTeX/fonts/type1/public/amsfonts/cm/cmr12.pfb><C:/Users/Bence/AppData/Local/Programs/MiKTeX/fonts/type1/public/amsfonts/cm/cmr17.pfb><C:/Users/Bence/AppData/Local/Programs/MiKTeX/fonts/type1/public/amsfonts/cm/cmtt10.pfb>
Output written on Hephaistos-dokumentáció.pdf (6 pages, 1078480 bytes).
PDF statistics:
 59 PDF objects out of 1000 (max. 8388607)
 0 named destinations out of 1000 (max. 500000)
 6 words of extra memory for PDF output out of 10000 (max. 10000000)

