\BOOKMARK [1][-]{section*.2}{\376\377\000B\000e\000v\000e\000z\000e\000t\000\351\000s}{}% 1
\BOOKMARK [1][-]{section.0.1}{\376\377\0000\000.\0001\000.\000\040\000H\000a\000s\000z\000n\000\341\000l\000t\000\040\000T\000e\000c\000h\000n\000o\000l\000\363\000g\000i\000\341\000k}{}% 2
\BOOKMARK [2][-]{subsection.0.1.1}{\376\377\0000\000.\0001\000.\0001\000.\000\040\000B\000a\000c\000k\000e\000n\000d}{section.0.1}% 3
\BOOKMARK [2][-]{subsection.0.1.2}{\376\377\0000\000.\0001\000.\0002\000.\000\040\000A\000d\000a\000t\000b\000\341\000z\000i\000s}{section.0.1}% 4
\BOOKMARK [2][-]{subsection.0.1.3}{\376\377\0000\000.\0001\000.\0003\000.\000\040\000F\000r\000o\000n\000t\000e\000n\000d}{section.0.1}% 5
\BOOKMARK [2][-]{subsection.0.1.4}{\376\377\0000\000.\0001\000.\0004\000.\000\040\000F\000e\000j\000l\000e\000s\000z\000t\001\121\000i\000\040\000E\000s\000z\000k\000\366\000z\000\366\000k}{section.0.1}% 6
\BOOKMARK [1][-]{section.0.2}{\376\377\0000\000.\0002\000.\000\040\000P\000r\000o\000j\000e\000k\000t\000\040\000F\000e\000l\000\351\000p\000\355\000t\000\351\000s\000e}{}% 7
\BOOKMARK [1][-]{section.0.3}{\376\377\0000\000.\0003\000.\000\040\000\323\000r\000a\000r\000e\000n\000d\000\040\000G\000e\000n\000e\000r\000\341\000t\000o\000r\000\040\000F\000u\000n\000k\000c\000i\000\363}{}% 8
\BOOKMARK [2][-]{subsection.0.3.1}{\376\377\0000\000.\0003\000.\0001\000.\000\040\000T\000i\000m\000e\000t\000a\000b\000l\000e\000G\000e\000n\000e\000r\000a\000t\000o\000r\000\040\000O\000s\000z\000t\000\341\000l\000y}{section.0.3}% 9
\BOOKMARK [2][-]{subsection.0.3.2}{\376\377\0000\000.\0003\000.\0002\000.\000\040\000T\000i\000m\000e\000t\000a\000b\000l\000e\000G\000e\000n\000e\000r\000a\000t\000o\000r\000C\000o\000n\000t\000r\000o\000l\000l\000e\000r\000\040\000V\000\351\000g\000p\000o\000n\000t}{section.0.3}% 10
\BOOKMARK [2][-]{subsection.0.3.3}{\376\377\0000\000.\0003\000.\0003\000.\000\040\000F\000e\000l\000h\000a\000s\000z\000n\000\341\000l\000\363\000i\000\040\000\311\000l\000m\000\351\000n\000y}{section.0.3}% 11
\BOOKMARK [0][-]{chapter.1}{\376\377\0001\000.\000\040\000R\000e\000l\000\341\000c\000i\000\363\000s\000\040\000a\000d\000a\000t\000k\000e\000z\000e\000l\001\121\000\040\000r\000e\000n\000d\000s\000z\000e\000r\000e\000k}{}% 12
\BOOKMARK [1][-]{section.1.1}{\376\377\0001\000.\0001\000.\000\040\000R\000e\000l\000\341\000c\000i\000\363\000s\000\040\000a\000d\000a\000t\000b\000\341\000z\000i\000s}{chapter.1}% 13
\BOOKMARK [2][-]{subsection.1.1.1}{\376\377\0001\000.\0001\000.\0001\000.\000\040\000A\000\040\000r\000e\000l\000\341\000c\000i\000\363\000s\000\040\000a\000d\000a\000t\000b\000\341\000z\000i\000s\000k\000e\000z\000e\000l\001\121\000\040\000r\000e\000n\000d\000s\000z\000e\000r\000e\000k}{section.1.1}% 14
\BOOKMARK [2][-]{subsection.1.1.2}{\376\377\0001\000.\0001\000.\0002\000.\000\040\000M\000y\000S\000Q\000L\000\040\000\351\000s\000\040\000M\000a\000r\000i\000a\000D\000B\000,\000\040\000v\000a\000l\000a\000m\000i\000n\000t\000\040\000P\000H\000P\000M\000y\000A\000d\000m\000i\000n}{section.1.1}% 15
\BOOKMARK [0][-]{chapter.2}{\376\377\0002\000.\000\040\000R\000e\000a\000c\000t\000\040\000F\000e\000j\000l\000e\000s\000z\000t\001\121\000i\000\040\000K\000\366\000r\000n\000y\000e\000z\000e\000t}{}% 16
\BOOKMARK [1][-]{section.2.1}{\376\377\0002\000.\0001\000.\000\040\000B\000e\000v\000e\000z\000e\000t\000\351\000s}{chapter.2}% 17
\BOOKMARK [1][-]{section.2.2}{\376\377\0002\000.\0002\000.\000\040\000R\000e\000a\000c\000t\000\040\000F\000e\000j\000l\000e\000s\000z\000t\001\121\000i\000\040\000K\000\366\000r\000n\000y\000e\000z\000e\000t}{chapter.2}% 18
\BOOKMARK [2][-]{subsection.2.2.1}{\376\377\0002\000.\0002\000.\0001\000.\000\040\000R\000e\000a\000c\000t\000\040\000T\000e\000l\000e\000p\000\355\000t\000\351\000s\000e\000\040\000\351\000s\000\040\000P\000r\000o\000j\000e\000k\000t\000i\000n\000d\000\355\000t\000\341\000s}{section.2.2}% 19
\BOOKMARK [2][-]{subsection.2.2.2}{\376\377\0002\000.\0002\000.\0002\000.\000\040\000F\000e\000j\000l\000e\000s\000z\000t\001\121\000i\000\040\000E\000s\000z\000k\000\366\000z\000\366\000k}{section.2.2}% 20
\BOOKMARK [1][-]{section.2.3}{\376\377\0002\000.\0003\000.\000\040\000R\000e\000a\000c\000t\000\040\000A\000l\000a\000p\000j\000a\000i}{chapter.2}% 21
\BOOKMARK [2][-]{subsection.2.3.1}{\376\377\0002\000.\0003\000.\0001\000.\000\040\000K\000o\000m\000p\000o\000n\000e\000n\000s\000e\000k\000\040\000\351\000s\000\040\000J\000S\000X}{section.2.3}% 22
\BOOKMARK [2][-]{subsection.2.3.2}{\376\377\0002\000.\0003\000.\0002\000.\000\040\000\301\000l\000l\000a\000p\000o\000t\000k\000e\000z\000e\000l\000\351\000s\000\040\000a\000\040\000R\000e\000a\000c\000t\000-\000b\000e\000n}{section.2.3}% 23
\BOOKMARK [2][-]{subsection.2.3.3}{\376\377\0002\000.\0003\000.\0003\000.\000\040\000P\000r\000o\000p\000s}{section.2.3}% 24
\BOOKMARK [2][-]{subsection.2.3.4}{\376\377\0002\000.\0003\000.\0004\000.\000\040\000K\000o\000m\000p\000o\000n\000e\000n\000s\000e\000k\000\040\000T\000\355\000p\000u\000s\000a\000i}{section.2.3}% 25
\BOOKMARK [2][-]{subsection.2.3.5}{\376\377\0002\000.\0003\000.\0005\000.\000\040\000\311\000l\000e\000t\000c\000i\000k\000l\000u\000s\000\040\000M\000e\000t\000\363\000d\000u\000s\000o\000k}{section.2.3}% 26
\BOOKMARK [1][-]{section.2.4}{\376\377\0002\000.\0004\000.\000\040\000\326\000s\000s\000z\000e\000f\000o\000g\000l\000a\000l\000\341\000s}{chapter.2}% 27
\BOOKMARK [1][-]{section.2.5}{\376\377\0002\000.\0005\000.\000\040\000J\000e\000l\000s\000z\000\363\000\040\000M\000\363\000d\000o\000s\000\355\000t\000\341\000s\000a\000\040\000F\000u\000n\000k\000c\000i\000\363}{chapter.2}% 28
\BOOKMARK [2][-]{subsection.2.5.1}{\376\377\0002\000.\0005\000.\0001\000.\000\040\000C\000h\000a\000n\000g\000e\000P\000a\000s\000s\000w\000o\000r\000d\000F\000o\000r\000m\000\040\000K\000o\000m\000p\000o\000n\000e\000n\000s}{section.2.5}% 29
\BOOKMARK [2][-]{subsection.2.5.2}{\376\377\0002\000.\0005\000.\0002\000.\000\040\000B\000a\000c\000k\000e\000n\000d\000\040\000I\000n\000t\000e\000g\000r\000\341\000c\000i\000\363}{section.2.5}% 30
\BOOKMARK [2][-]{subsection.2.5.3}{\376\377\0002\000.\0005\000.\0003\000.\000\040\000F\000e\000l\000h\000a\000s\000z\000n\000\341\000l\000\363\000i\000\040\000\311\000l\000m\000\351\000n\000y}{section.2.5}% 31
